GowinSynthesis start
Running parser ...
Analyzing Verilog file '/Users/theilmann/Jahresarbeit/Praktischer Teil/Verilog/PMOD_Display/src/LED_controller.sv'
Undeclared symbol 're_tick', assumed default net type 'wire'("/Users/theilmann/Jahresarbeit/Praktischer Teil/Verilog/PMOD_Display/src/LED_controller.sv":35)
Undeclared symbol 're_tick_2', assumed default net type 'wire'("/Users/theilmann/Jahresarbeit/Praktischer Teil/Verilog/PMOD_Display/src/LED_controller.sv":36)
Undeclared symbol 're_tick_3', assumed default net type 'wire'("/Users/theilmann/Jahresarbeit/Praktischer Teil/Verilog/PMOD_Display/src/LED_controller.sv":37)
Compiling module 'top'("/Users/theilmann/Jahresarbeit/Praktischer Teil/Verilog/PMOD_Display/src/LED_controller.sv":183)
Compiling module 'LED_controller'("/Users/theilmann/Jahresarbeit/Praktischer Teil/Verilog/PMOD_Display/src/LED_controller.sv":8)
Compiling module 'framebuffer'("/Users/theilmann/Jahresarbeit/Praktischer Teil/Verilog/PMOD_Display/src/LED_controller.sv":143)
Extracting RAM for identifier 'mem_a'("/Users/theilmann/Jahresarbeit/Praktischer Teil/Verilog/PMOD_Display/src/LED_controller.sv":157)
Extracting RAM for identifier 'mem_b'("/Users/theilmann/Jahresarbeit/Praktischer Teil/Verilog/PMOD_Display/src/LED_controller.sv":158)
NOTE  (EX0101) : Current top module is "top"
[5%] Running netlist conversion ...
Running device independent optimization ...
[10%] Optimizing Phase 0 completed
[15%] Optimizing Phase 1 completed
[25%] Optimizing Phase 2 completed
Running inference ...
[30%] Inferring Phase 0 completed
[40%] Inferring Phase 1 completed
[50%] Inferring Phase 2 completed
[55%] Inferring Phase 3 completed
Running technical mapping ...
[60%] Tech-Mapping Phase 0 completed
[65%] Tech-Mapping Phase 1 completed
[75%] Tech-Mapping Phase 2 completed
[80%] Tech-Mapping Phase 3 completed
[90%] Tech-Mapping Phase 4 completed
[95%] Generate netlist file "/Users/theilmann/Jahresarbeit/Praktischer Teil/Verilog/PMOD_Display/impl/gwsynthesis/PMOD_Display.vg" completed
[100%] Generate report file "/Users/theilmann/Jahresarbeit/Praktischer Teil/Verilog/PMOD_Display/impl/gwsynthesis/PMOD_Display_syn.rpt.html" completed
GowinSynthesis finish
