#! /opt/homebrew/Cellar/icarus-verilog/12.0/bin/vvp
:ivl_version "12.0 (stable)";
:ivl_delay_selection "TYPICAL";
:vpi_time_precision + 0;
:vpi_module "/opt/homebrew/Cellar/icarus-verilog/12.0/lib/ivl/system.vpi";
:vpi_module "/opt/homebrew/Cellar/icarus-verilog/12.0/lib/ivl/vhdl_sys.vpi";
:vpi_module "/opt/homebrew/Cellar/icarus-verilog/12.0/lib/ivl/vhdl_textio.vpi";
:vpi_module "/opt/homebrew/Cellar/icarus-verilog/12.0/lib/ivl/v2005_math.vpi";
:vpi_module "/opt/homebrew/Cellar/icarus-verilog/12.0/lib/ivl/va_math.vpi";
S_0x104afc890 .scope module, "topmodule" "topmodule" 2 1;
 .timescale 0 0;
    .port_info 0 /INPUT 1 "clk";
    .port_info 1 /INPUT 1 "rst";
o0x8d7444010 .functor BUFZ 1, C4<z>; HiZ drive
v0x8d6c49cc0_0 .net "clk", 0 0, o0x8d7444010;  0 drivers
v0x8d6c49d60_0 .net "instr_connect", 31 0, v0x8d6c49ae0_0;  1 drivers
v0x8d6c49e00_0 .net "mem_addr", 15 0, v0x8d6c48000_0;  1 drivers
v0x8d6c49ea0_0 .net "mem_read", 0 0, v0x8d6c48140_0;  1 drivers
v0x8d6c49f40_0 .net "mem_wdata", 31 0, v0x8d6c481e0_0;  1 drivers
v0x8d6c49fe0_0 .net "mem_write", 0 0, v0x8d6c48280_0;  1 drivers
v0x8d6c4a080_0 .net "pc", 31 0, v0x8d6c483c0_0;  1 drivers
v0x8d6c4a120_0 .net "ram_ce", 0 0, v0x8d6c48500_0;  1 drivers
v0x8d6c4a1c0_0 .net "rdata_connect", 31 0, L_0x104b0ab10;  1 drivers
v0x8d6c4a260_0 .net "rom_ce", 0 0, v0x8d6c486e0_0;  1 drivers
o0x8d74443a0 .functor BUFZ 1, C4<z>; HiZ drive
v0x8d6c4a300_0 .net "rst", 0 0, o0x8d74443a0;  0 drivers
S_0x104afca10 .scope module, "machine" "fsm" 2 34, 2 102 0, S_0x104afc890;
 .timescale 0 0;
    .port_info 0 /INPUT 1 "clk";
    .port_info 1 /INPUT 1 "rst";
    .port_info 2 /INPUT 32 "instr";
    .port_info 3 /INPUT 32 "mem_rdata";
    .port_info 4 /OUTPUT 1 "rom_ce";
    .port_info 5 /OUTPUT 1 "ram_ce";
    .port_info 6 /OUTPUT 32 "pc";
    .port_info 7 /OUTPUT 1 "mem_read";
    .port_info 8 /OUTPUT 1 "mem_write";
    .port_info 9 /OUTPUT 16 "mem_addr";
    .port_info 10 /OUTPUT 32 "mem_wdata";
P_0x8d6c392c0 .param/l "DECODE" 1 2 117, +C4<00000000000000000000000000000001>;
P_0x8d6c39300 .param/l "EXECUTE" 1 2 118, +C4<00000000000000000000000000000010>;
P_0x8d6c39340 .param/l "FETCH" 1 2 116, +C4<00000000000000000000000000000000>;
P_0x8d6c39380 .param/l "MEMORY" 1 2 119, +C4<00000000000000000000000000000011>;
P_0x8d6c393c0 .param/l "WRITEBACK" 1 2 120, +C4<00000000000000000000000000000100>;
v0x104b09980_0 .net "clk", 0 0, o0x8d7444010;  alias, 0 drivers
v0x104b08b10_0 .var "funct3", 2 0;
v0x104b000b0_0 .var "funct7", 6 0;
v0x104b00150_0 .var/i "i", 31 0;
v0x104b001f0_0 .var "imm", 31 0;
v0x104b00290_0 .net "instr", 31 0, v0x8d6c49ae0_0;  alias, 1 drivers
v0x8d6c48000_0 .var "mem_addr", 15 0;
v0x8d6c480a0_0 .net "mem_rdata", 31 0, L_0x104b0ab10;  alias, 1 drivers
v0x8d6c48140_0 .var "mem_read", 0 0;
v0x8d6c481e0_0 .var "mem_wdata", 31 0;
v0x8d6c48280_0 .var "mem_write", 0 0;
v0x8d6c48320_0 .var "opcode", 6 0;
v0x8d6c483c0_0 .var "pc", 31 0;
v0x8d6c48460_0 .var "pc_next", 31 0;
v0x8d6c48500_0 .var "ram_ce", 0 0;
v0x8d6c485a0_0 .var "rd", 4 0;
v0x8d6c48640 .array "regfile", 0 31, 31 0;
v0x8d6c486e0_0 .var "rom_ce", 0 0;
v0x8d6c48780_0 .var "rs1", 4 0;
v0x8d6c48820_0 .var "rs2", 4 0;
v0x8d6c488c0_0 .net "rst", 0 0, o0x8d74443a0;  alias, 0 drivers
v0x8d6c48960_0 .var "shift_amt", 4 0;
v0x8d6c48a00_0 .var "state", 2 0;
v0x8d6c48aa0_0 .var "tmp_mem_addr", 31 0;
v0x8d6c48b40_0 .var "tmp_memw_data", 31 0;
v0x8d6c48be0_0 .var "tmp_rd", 31 0;
E_0x8d7074300 .event posedge, v0x8d6c488c0_0, v0x104b09980_0;
S_0x104b014f0 .scope module, "ram" "ram_module" 2 16, 2 51 0, S_0x104afc890;
 .timescale 0 0;
    .port_info 0 /INPUT 1 "clk";
    .port_info 1 /INPUT 1 "we";
    .port_info 2 /INPUT 1 "ce";
    .port_info 3 /INPUT 1 "rst";
    .port_info 4 /INPUT 16 "addr";
    .port_info 5 /INPUT 32 "data_in";
    .port_info 6 /OUTPUT 32 "data_out";
L_0x104b017b0 .functor AND 1, v0x8d6c48500_0, L_0x104aff040, C4<1>, C4<1>;
v0x8d6c48c80_0 .net *"_ivl_1", 0 0, L_0x104aff040;  1 drivers
L_0x8d7478010 .functor BUFT 1, C4<00>, C4<0>, C4<0>, C4<0>;
v0x8d6c48d20_0 .net *"_ivl_10", 1 0, L_0x8d7478010;  1 drivers
L_0x8d7478058 .functor BUFT 1, C4<00000000000000000000000000000000>, C4<0>, C4<0>, C4<0>;
v0x8d6c48dc0_0 .net/2u *"_ivl_12", 31 0, L_0x8d7478058;  1 drivers
v0x8d6c48e60_0 .net *"_ivl_2", 0 0, L_0x104b017b0;  1 drivers
v0x8d6c48f00_0 .net *"_ivl_4", 31 0, L_0x8d6c4a3a0;  1 drivers
v0x8d6c48fa0_0 .net *"_ivl_6", 15 0, L_0x104aff0e0;  1 drivers
v0x8d6c49040_0 .net *"_ivl_8", 13 0, L_0x8d6c4c000;  1 drivers
v0x8d6c490e0_0 .net "addr", 15 0, v0x8d6c48000_0;  alias, 1 drivers
v0x8d6c49180_0 .net "ce", 0 0, v0x8d6c48500_0;  alias, 1 drivers
v0x8d6c49220_0 .net "clk", 0 0, o0x8d7444010;  alias, 0 drivers
v0x8d6c492c0_0 .net "data_in", 31 0, v0x8d6c481e0_0;  alias, 1 drivers
v0x8d6c49360_0 .net "data_out", 31 0, L_0x104b0ab10;  alias, 1 drivers
v0x8d6c49400 .array "mem", 0 16383, 31 0;
v0x8d6c494a0_0 .net "rst", 0 0, o0x8d74443a0;  alias, 0 drivers
v0x8d6c49540_0 .net "we", 0 0, v0x8d6c48280_0;  alias, 1 drivers
E_0x8d7074340 .event posedge, v0x104b09980_0;
L_0x104aff040 .reduce/nor v0x8d6c48280_0;
L_0x8d6c4a3a0 .array/port v0x8d6c49400, L_0x104aff0e0;
L_0x8d6c4c000 .part v0x8d6c48000_0, 2, 14;
L_0x104aff0e0 .concat [ 14 2 0 0], L_0x8d6c4c000, L_0x8d7478010;
L_0x104b0ab10 .functor MUXZ 32, L_0x8d7478058, L_0x8d6c4a3a0, L_0x104b017b0, C4<>;
S_0x104afeec0 .scope module, "rom" "rom_module" 2 26, 2 73 0, S_0x104afc890;
 .timescale 0 0;
    .port_info 0 /INPUT 1 "clk";
    .port_info 1 /INPUT 1 "rst";
    .port_info 2 /INPUT 1 "ce";
    .port_info 3 /INPUT 16 "addr";
    .port_info 4 /OUTPUT 32 "dout";
L_0x104aff180 .functor BUFZ 32, L_0x8d6c4a440, C4<00000000000000000000000000000000>, C4<00000000000000000000000000000000>, C4<00000000000000000000000000000000>;
v0x8d6c495e0_0 .net *"_ivl_0", 31 0, L_0x8d6c4a440;  1 drivers
v0x8d6c49680_0 .net *"_ivl_2", 15 0, L_0x104b0abb0;  1 drivers
v0x8d6c49720_0 .net *"_ivl_4", 13 0, L_0x8d6c4c0a0;  1 drivers
L_0x8d74780a0 .functor BUFT 1, C4<00>, C4<0>, C4<0>, C4<0>;
v0x8d6c497c0_0 .net *"_ivl_6", 1 0, L_0x8d74780a0;  1 drivers
v0x8d6c49860_0 .net "addr", 15 0, v0x8d6c48000_0;  alias, 1 drivers
v0x8d6c49900_0 .net "ce", 0 0, v0x8d6c486e0_0;  alias, 1 drivers
v0x8d6c499a0_0 .net "clk", 0 0, o0x8d7444010;  alias, 0 drivers
v0x8d6c49a40_0 .net "comb_read", 31 0, L_0x104aff180;  1 drivers
v0x8d6c49ae0_0 .var "dout", 31 0;
v0x8d6c49b80 .array "mem", 0 16383, 31 0;
v0x8d6c49c20_0 .net "rst", 0 0, o0x8d74443a0;  alias, 0 drivers
L_0x8d6c4a440 .array/port v0x8d6c49b80, L_0x104b0abb0;
L_0x8d6c4c0a0 .part v0x8d6c48000_0, 2, 14;
L_0x104b0abb0 .concat [ 14 2 0 0], L_0x8d6c4c0a0, L_0x8d74780a0;
    .scope S_0x104b014f0;
T_0 ;
    %wait E_0x8d7074340;
    %load/vec4 v0x8d6c49180_0;
    %load/vec4 v0x8d6c49540_0;
    %and;
    %flag_set/vec4 8;
    %jmp/0xz  T_0.0, 8;
    %load/vec4 v0x8d6c492c0_0;
    %load/vec4 v0x8d6c490e0_0;
    %ix/load 4, 2, 0;
    %flag_set/imm 4, 0;
    %shiftr 4;
    %ix/vec4 3;
    %ix/load 4, 0, 0; Constant delay
    %assign/vec4/a/d v0x8d6c49400, 0, 4;
T_0.0 ;
    %jmp T_0;
    .thread T_0;
    .scope S_0x104afeec0;
T_1 ;
    %wait E_0x8d7074300;
    %load/vec4 v0x8d6c49c20_0;
    %flag_set/vec4 8;
    %jmp/0xz  T_1.0, 8;
    %pushi/vec4 0, 0, 32;
    %assign/vec4 v0x8d6c49ae0_0, 0;
    %jmp T_1.1;
T_1.0 ;
    %load/vec4 v0x8d6c49900_0;
    %flag_set/vec4 8;
    %jmp/0xz  T_1.2, 8;
    %load/vec4 v0x8d6c49a40_0;
    %assign/vec4 v0x8d6c49ae0_0, 0;
T_1.2 ;
T_1.1 ;
    %jmp T_1;
    .thread T_1;
    .scope S_0x104afca10;
T_2 ;
    %wait E_0x8d7074300;
    %load/vec4 v0x8d6c488c0_0;
    %flag_set/vec4 8;
    %jmp/0xz  T_2.0, 8;
    %pushi/vec4 0, 0, 3;
    %assign/vec4 v0x8d6c48a00_0, 0;
    %pushi/vec4 0, 0, 32;
    %assign/vec4 v0x8d6c483c0_0, 0;
    %pushi/vec4 0, 0, 1;
    %assign/vec4 v0x8d6c48140_0, 0;
    %pushi/vec4 0, 0, 1;
    %assign/vec4 v0x8d6c48280_0, 0;
    %pushi/vec4 0, 0, 1;
    %assign/vec4 v0x8d6c48500_0, 0;
    %pushi/vec4 0, 0, 1;
    %assign/vec4 v0x8d6c486e0_0, 0;
    %pushi/vec4 0, 0, 16;
    %assign/vec4 v0x8d6c48000_0, 0;
    %pushi/vec4 0, 0, 32;
    %store/vec4 v0x104b00150_0, 0, 32;
T_2.2 ;
    %load/vec4 v0x104b00150_0;
    %cmpi/s 32, 0, 32;
    %jmp/0xz T_2.3, 5;
    %pushi/vec4 0, 0, 32;
    %ix/getv/s 3, v0x104b00150_0;
    %ix/load 4, 0, 0; Constant delay
    %assign/vec4/a/d v0x8d6c48640, 0, 4;
    %load/vec4 v0x104b00150_0;
    %addi 1, 0, 32;
    %store/vec4 v0x104b00150_0, 0, 32;
    %jmp T_2.2;
T_2.3 ;
    %jmp T_2.1;
T_2.0 ;
    %load/vec4 v0x8d6c48a00_0;
    %dup/vec4;
    %pushi/vec4 0, 0, 3;
    %cmp/u;
    %jmp/1 T_2.4, 6;
    %dup/vec4;
    %pushi/vec4 1, 0, 3;
    %cmp/u;
    %jmp/1 T_2.5, 6;
    %dup/vec4;
    %pushi/vec4 2, 0, 3;
    %cmp/u;
    %jmp/1 T_2.6, 6;
    %dup/vec4;
    %pushi/vec4 3, 0, 3;
    %cmp/u;
    %jmp/1 T_2.7, 6;
    %dup/vec4;
    %pushi/vec4 4, 0, 3;
    %cmp/u;
    %jmp/1 T_2.8, 6;
    %pushi/vec4 0, 0, 3;
    %assign/vec4 v0x8d6c48a00_0, 0;
    %jmp T_2.10;
T_2.4 ;
    %pushi/vec4 1, 0, 1;
    %assign/vec4 v0x8d6c486e0_0, 0;
    %load/vec4 v0x8d6c483c0_0;
    %ix/load 4, 2, 0;
    %flag_set/imm 4, 0;
    %shiftr 4;
    %pad/u 16;
    %assign/vec4 v0x8d6c48000_0, 0;
    %load/vec4 v0x8d6c483c0_0;
    %addi 4, 0, 32;
    %assign/vec4 v0x8d6c48460_0, 0;
    %pushi/vec4 1, 0, 3;
    %assign/vec4 v0x8d6c48a00_0, 0;
    %jmp T_2.10;
T_2.5 ;
    %load/vec4 v0x104b00290_0;
    %parti/s 7, 0, 2;
    %assign/vec4 v0x8d6c48320_0, 0;
    %load/vec4 v0x104b00290_0;
    %parti/s 5, 7, 4;
    %assign/vec4 v0x8d6c485a0_0, 0;
    %load/vec4 v0x104b00290_0;
    %parti/s 3, 12, 5;
    %assign/vec4 v0x104b08b10_0, 0;
    %load/vec4 v0x104b00290_0;
    %parti/s 5, 15, 5;
    %assign/vec4 v0x8d6c48780_0, 0;
    %load/vec4 v0x104b00290_0;
    %parti/s 5, 20, 6;
    %assign/vec4 v0x8d6c48820_0, 0;
    %load/vec4 v0x104b00290_0;
    %parti/s 7, 25, 6;
    %assign/vec4 v0x104b000b0_0, 0;
    %load/vec4 v0x8d6c48320_0;
    %dup/vec4;
    %pushi/vec4 19, 0, 7;
    %cmp/u;
    %jmp/1 T_2.11, 6;
    %dup/vec4;
    %pushi/vec4 3, 0, 7;
    %cmp/u;
    %jmp/1 T_2.12, 6;
    %dup/vec4;
    %pushi/vec4 35, 0, 7;
    %cmp/u;
    %jmp/1 T_2.13, 6;
    %dup/vec4;
    %pushi/vec4 99, 0, 7;
    %cmp/u;
    %jmp/1 T_2.14, 6;
    %dup/vec4;
    %pushi/vec4 111, 0, 7;
    %cmp/u;
    %jmp/1 T_2.15, 6;
    %dup/vec4;
    %pushi/vec4 103, 0, 7;
    %cmp/u;
    %jmp/1 T_2.16, 6;
    %dup/vec4;
    %pushi/vec4 55, 0, 7;
    %cmp/u;
    %jmp/1 T_2.17, 6;
    %dup/vec4;
    %pushi/vec4 23, 0, 7;
    %cmp/u;
    %jmp/1 T_2.18, 6;
    %pushi/vec4 0, 0, 32;
    %assign/vec4 v0x104b001f0_0, 0;
    %jmp T_2.20;
T_2.11 ;
    %load/vec4 v0x104b00290_0;
    %parti/s 12, 20, 6;
    %pad/s 32;
    %assign/vec4 v0x104b001f0_0, 0;
    %jmp T_2.20;
T_2.12 ;
    %load/vec4 v0x104b00290_0;
    %parti/s 12, 20, 6;
    %pad/s 32;
    %assign/vec4 v0x104b001f0_0, 0;
    %jmp T_2.20;
T_2.13 ;
    %load/vec4 v0x104b00290_0;
    %parti/s 7, 25, 6;
    %load/vec4 v0x104b00290_0;
    %parti/s 5, 7, 4;
    %concat/vec4; draw_concat_vec4
    %pad/s 32;
    %assign/vec4 v0x104b001f0_0, 0;
    %jmp T_2.20;
T_2.14 ;
    %load/vec4 v0x104b00290_0;
    %parti/s 1, 31, 6;
    %load/vec4 v0x104b00290_0;
    %parti/s 1, 7, 4;
    %concat/vec4; draw_concat_vec4
    %load/vec4 v0x104b00290_0;
    %parti/s 6, 25, 6;
    %concat/vec4; draw_concat_vec4
    %load/vec4 v0x104b00290_0;
    %parti/s 4, 8, 5;
    %concat/vec4; draw_concat_vec4
    %concati/vec4 0, 0, 1;
    %pad/s 32;
    %assign/vec4 v0x104b001f0_0, 0;
    %jmp T_2.20;
T_2.15 ;
    %load/vec4 v0x104b00290_0;
    %parti/s 1, 31, 6;
    %load/vec4 v0x104b00290_0;
    %parti/s 8, 12, 5;
    %concat/vec4; draw_concat_vec4
    %load/vec4 v0x104b00290_0;
    %parti/s 1, 20, 6;
    %concat/vec4; draw_concat_vec4
    %load/vec4 v0x104b00290_0;
    %parti/s 10, 21, 6;
    %concat/vec4; draw_concat_vec4
    %concati/vec4 0, 0, 1;
    %pad/s 32;
    %assign/vec4 v0x104b001f0_0, 0;
    %jmp T_2.20;
T_2.16 ;
    %load/vec4 v0x104b00290_0;
    %parti/s 12, 20, 6;
    %pad/s 32;
    %assign/vec4 v0x104b001f0_0, 0;
    %jmp T_2.20;
T_2.17 ;
    %load/vec4 v0x104b00290_0;
    %parti/s 20, 12, 5;
    %concati/vec4 0, 0, 12;
    %assign/vec4 v0x104b001f0_0, 0;
    %jmp T_2.20;
T_2.18 ;
    %load/vec4 v0x104b00290_0;
    %parti/s 20, 12, 5;
    %concati/vec4 0, 0, 12;
    %assign/vec4 v0x104b001f0_0, 0;
    %jmp T_2.20;
T_2.20 ;
    %pop/vec4 1;
    %pushi/vec4 2, 0, 3;
    %assign/vec4 v0x8d6c48a00_0, 0;
    %jmp T_2.10;
T_2.6 ;
    %pushi/vec4 0, 0, 1;
    %assign/vec4 v0x8d6c486e0_0, 0;
    %load/vec4 v0x8d6c48320_0;
    %dup/vec4;
    %pushi/vec4 51, 0, 7;
    %cmp/u;
    %jmp/1 T_2.21, 6;
    %dup/vec4;
    %pushi/vec4 19, 0, 7;
    %cmp/u;
    %jmp/1 T_2.22, 6;
    %dup/vec4;
    %pushi/vec4 3, 0, 7;
    %cmp/u;
    %jmp/1 T_2.23, 6;
    %dup/vec4;
    %pushi/vec4 35, 0, 7;
    %cmp/u;
    %jmp/1 T_2.24, 6;
    %dup/vec4;
    %pushi/vec4 99, 0, 7;
    %cmp/u;
    %jmp/1 T_2.25, 6;
    %dup/vec4;
    %pushi/vec4 111, 0, 7;
    %cmp/u;
    %jmp/1 T_2.26, 6;
    %dup/vec4;
    %pushi/vec4 103, 0, 7;
    %cmp/u;
    %jmp/1 T_2.27, 6;
    %dup/vec4;
    %pushi/vec4 55, 0, 7;
    %cmp/u;
    %jmp/1 T_2.28, 6;
    %dup/vec4;
    %pushi/vec4 23, 0, 7;
    %cmp/u;
    %jmp/1 T_2.29, 6;
    %pushi/vec4 0, 0, 3;
    %assign/vec4 v0x8d6c48a00_0, 0;
    %jmp T_2.31;
T_2.21 ;
    %load/vec4 v0x8d6c48820_0;
    %pad/u 7;
    %ix/vec4 4;
    %load/vec4a v0x8d6c48640, 4;
    %parti/s 5, 0, 2;
    %assign/vec4 v0x8d6c48960_0, 0;
    %load/vec4 v0x104b08b10_0;
    %dup/vec4;
    %pushi/vec4 0, 0, 3;
    %cmp/u;
    %jmp/1 T_2.32, 6;
    %dup/vec4;
    %pushi/vec4 4, 0, 3;
    %cmp/u;
    %jmp/1 T_2.33, 6;
    %dup/vec4;
    %pushi/vec4 6, 0, 3;
    %cmp/u;
    %jmp/1 T_2.34, 6;
    %dup/vec4;
    %pushi/vec4 7, 0, 3;
    %cmp/u;
    %jmp/1 T_2.35, 6;
    %dup/vec4;
    %pushi/vec4 1, 0, 3;
    %cmp/u;
    %jmp/1 T_2.36, 6;
    %dup/vec4;
    %pushi/vec4 5, 0, 3;
    %cmp/u;
    %jmp/1 T_2.37, 6;
    %dup/vec4;
    %pushi/vec4 2, 0, 3;
    %cmp/u;
    %jmp/1 T_2.38, 6;
    %dup/vec4;
    %pushi/vec4 3, 0, 3;
    %cmp/u;
    %jmp/1 T_2.39, 6;
    %pushi/vec4 0, 0, 32;
    %assign/vec4 v0x8d6c48be0_0, 0;
    %jmp T_2.41;
T_2.32 ;
    %load/vec4 v0x104b000b0_0;
    %dup/vec4;
    %pushi/vec4 0, 0, 7;
    %cmp/u;
    %jmp/1 T_2.42, 6;
    %dup/vec4;
    %pushi/vec4 32, 0, 7;
    %cmp/u;
    %jmp/1 T_2.43, 6;
    %pushi/vec4 0, 0, 32;
    %assign/vec4 v0x8d6c48be0_0, 0;
    %jmp T_2.45;
T_2.42 ;
    %load/vec4 v0x8d6c48780_0;
    %pad/u 7;
    %ix/vec4 4;
    %load/vec4a v0x8d6c48640, 4;
    %load/vec4 v0x8d6c48820_0;
    %pad/u 7;
    %ix/vec4 4;
    %load/vec4a v0x8d6c48640, 4;
    %add;
    %assign/vec4 v0x8d6c48be0_0, 0;
    %jmp T_2.45;
T_2.43 ;
    %load/vec4 v0x8d6c48780_0;
    %pad/u 7;
    %ix/vec4 4;
    %load/vec4a v0x8d6c48640, 4;
    %load/vec4 v0x8d6c48820_0;
    %pad/u 7;
    %ix/vec4 4;
    %load/vec4a v0x8d6c48640, 4;
    %sub;
    %assign/vec4 v0x8d6c48be0_0, 0;
    %jmp T_2.45;
T_2.45 ;
    %pop/vec4 1;
    %jmp T_2.41;
T_2.33 ;
    %load/vec4 v0x8d6c48780_0;
    %pad/u 7;
    %ix/vec4 4;
    %load/vec4a v0x8d6c48640, 4;
    %load/vec4 v0x8d6c48820_0;
    %pad/u 7;
    %ix/vec4 4;
    %load/vec4a v0x8d6c48640, 4;
    %xor;
    %assign/vec4 v0x8d6c48be0_0, 0;
    %jmp T_2.41;
T_2.34 ;
    %load/vec4 v0x8d6c48780_0;
    %pad/u 7;
    %ix/vec4 4;
    %load/vec4a v0x8d6c48640, 4;
    %load/vec4 v0x8d6c48820_0;
    %pad/u 7;
    %ix/vec4 4;
    %load/vec4a v0x8d6c48640, 4;
    %or;
    %assign/vec4 v0x8d6c48be0_0, 0;
    %jmp T_2.41;
T_2.35 ;
    %load/vec4 v0x8d6c48780_0;
    %pad/u 7;
    %ix/vec4 4;
    %load/vec4a v0x8d6c48640, 4;
    %load/vec4 v0x8d6c48820_0;
    %pad/u 7;
    %ix/vec4 4;
    %load/vec4a v0x8d6c48640, 4;
    %and;
    %assign/vec4 v0x8d6c48be0_0, 0;
    %jmp T_2.41;
T_2.36 ;
    %load/vec4 v0x8d6c48780_0;
    %pad/u 7;
    %ix/vec4 4;
    %load/vec4a v0x8d6c48640, 4;
    %ix/getv 4, v0x8d6c48960_0;
    %shiftl 4;
    %assign/vec4 v0x8d6c48be0_0, 0;
    %jmp T_2.41;
T_2.37 ;
    %load/vec4 v0x104b000b0_0;
    %dup/vec4;
    %pushi/vec4 0, 0, 7;
    %cmp/u;
    %jmp/1 T_2.46, 6;
    %dup/vec4;
    %pushi/vec4 32, 0, 7;
    %cmp/u;
    %jmp/1 T_2.47, 6;
    %pushi/vec4 0, 0, 32;
    %assign/vec4 v0x8d6c48be0_0, 0;
    %jmp T_2.49;
T_2.46 ;
    %load/vec4 v0x8d6c48780_0;
    %pad/u 7;
    %ix/vec4 4;
    %load/vec4a v0x8d6c48640, 4;
    %ix/getv 4, v0x8d6c48960_0;
    %shiftr 4;
    %assign/vec4 v0x8d6c48be0_0, 0;
    %jmp T_2.49;
T_2.47 ;
    %load/vec4 v0x8d6c48780_0;
    %pad/u 7;
    %ix/vec4 4;
    %load/vec4a v0x8d6c48640, 4;
    %ix/getv 4, v0x8d6c48960_0;
    %shiftr/s 4;
    %assign/vec4 v0x8d6c48be0_0, 0;
    %jmp T_2.49;
T_2.49 ;
    %pop/vec4 1;
    %jmp T_2.41;
T_2.38 ;
    %load/vec4 v0x8d6c48780_0;
    %pad/u 7;
    %ix/vec4 4;
    %load/vec4a v0x8d6c48640, 4;
    %load/vec4 v0x8d6c48820_0;
    %pad/u 7;
    %ix/vec4 4;
    %load/vec4a v0x8d6c48640, 4;
    %cmp/s;
    %flag_mov 8, 5;
    %jmp/0 T_2.50, 8;
    %pushi/vec4 1, 0, 32;
    %jmp/1 T_2.51, 8;
T_2.50 ; End of true expr.
    %pushi/vec4 0, 0, 32;
    %jmp/0 T_2.51, 8;
 ; End of false expr.
    %blend;
T_2.51;
    %assign/vec4 v0x8d6c48be0_0, 0;
    %jmp T_2.41;
T_2.39 ;
    %load/vec4 v0x8d6c48780_0;
    %pad/u 7;
    %ix/vec4 4;
    %load/vec4a v0x8d6c48640, 4;
    %load/vec4 v0x8d6c48820_0;
    %pad/u 7;
    %ix/vec4 4;
    %load/vec4a v0x8d6c48640, 4;
    %cmp/u;
    %flag_mov 8, 5;
    %jmp/0 T_2.52, 8;
    %pushi/vec4 1, 0, 32;
    %jmp/1 T_2.53, 8;
T_2.52 ; End of true expr.
    %pushi/vec4 0, 0, 32;
    %jmp/0 T_2.53, 8;
 ; End of false expr.
    %blend;
T_2.53;
    %assign/vec4 v0x8d6c48be0_0, 0;
    %jmp T_2.41;
T_2.41 ;
    %pop/vec4 1;
    %jmp T_2.31;
T_2.22 ;
    %load/vec4 v0x104b08b10_0;
    %dup/vec4;
    %pushi/vec4 0, 0, 3;
    %cmp/u;
    %jmp/1 T_2.54, 6;
    %dup/vec4;
    %pushi/vec4 4, 0, 3;
    %cmp/u;
    %jmp/1 T_2.55, 6;
    %dup/vec4;
    %pushi/vec4 6, 0, 3;
    %cmp/u;
    %jmp/1 T_2.56, 6;
    %dup/vec4;
    %pushi/vec4 7, 0, 3;
    %cmp/u;
    %jmp/1 T_2.57, 6;
    %dup/vec4;
    %pushi/vec4 1, 0, 3;
    %cmp/u;
    %jmp/1 T_2.58, 6;
    %dup/vec4;
    %pushi/vec4 5, 0, 3;
    %cmp/u;
    %jmp/1 T_2.59, 6;
    %dup/vec4;
    %pushi/vec4 2, 0, 3;
    %cmp/u;
    %jmp/1 T_2.60, 6;
    %dup/vec4;
    %pushi/vec4 3, 0, 3;
    %cmp/u;
    %jmp/1 T_2.61, 6;
    %pushi/vec4 0, 0, 32;
    %assign/vec4 v0x8d6c48be0_0, 0;
    %jmp T_2.63;
T_2.54 ;
    %load/vec4 v0x8d6c48780_0;
    %pad/u 7;
    %ix/vec4 4;
    %load/vec4a v0x8d6c48640, 4;
    %load/vec4 v0x104b001f0_0;
    %add;
    %assign/vec4 v0x8d6c48be0_0, 0;
    %jmp T_2.63;
T_2.55 ;
    %load/vec4 v0x8d6c48780_0;
    %pad/u 7;
    %ix/vec4 4;
    %load/vec4a v0x8d6c48640, 4;
    %load/vec4 v0x104b001f0_0;
    %xor;
    %assign/vec4 v0x8d6c48be0_0, 0;
    %jmp T_2.63;
T_2.56 ;
    %load/vec4 v0x8d6c48780_0;
    %pad/u 7;
    %ix/vec4 4;
    %load/vec4a v0x8d6c48640, 4;
    %load/vec4 v0x104b001f0_0;
    %or;
    %assign/vec4 v0x8d6c48be0_0, 0;
    %jmp T_2.63;
T_2.57 ;
    %load/vec4 v0x8d6c48780_0;
    %pad/u 7;
    %ix/vec4 4;
    %load/vec4a v0x8d6c48640, 4;
    %load/vec4 v0x104b001f0_0;
    %and;
    %assign/vec4 v0x8d6c48be0_0, 0;
    %jmp T_2.63;
T_2.58 ;
    %load/vec4 v0x8d6c48780_0;
    %pad/u 7;
    %ix/vec4 4;
    %load/vec4a v0x8d6c48640, 4;
    %load/vec4 v0x104b001f0_0;
    %parti/s 5, 0, 2;
    %ix/vec4 4;
    %shiftl 4;
    %assign/vec4 v0x8d6c48be0_0, 0;
    %jmp T_2.63;
T_2.59 ;
    %load/vec4 v0x104b001f0_0;
    %parti/s 7, 5, 4;
    %dup/vec4;
    %pushi/vec4 0, 0, 7;
    %cmp/u;
    %jmp/1 T_2.64, 6;
    %dup/vec4;
    %pushi/vec4 32, 0, 7;
    %cmp/u;
    %jmp/1 T_2.65, 6;
    %pushi/vec4 0, 0, 32;
    %assign/vec4 v0x8d6c48be0_0, 0;
    %jmp T_2.67;
T_2.64 ;
    %load/vec4 v0x8d6c48780_0;
    %pad/u 7;
    %ix/vec4 4;
    %load/vec4a v0x8d6c48640, 4;
    %load/vec4 v0x104b001f0_0;
    %parti/s 5, 0, 2;
    %ix/vec4 4;
    %shiftr 4;
    %assign/vec4 v0x8d6c48be0_0, 0;
    %jmp T_2.67;
T_2.65 ;
    %load/vec4 v0x8d6c48780_0;
    %pad/u 7;
    %ix/vec4 4;
    %load/vec4a v0x8d6c48640, 4;
    %load/vec4 v0x104b001f0_0;
    %parti/s 5, 0, 2;
    %ix/vec4 4;
    %shiftr/s 4;
    %assign/vec4 v0x8d6c48be0_0, 0;
    %jmp T_2.67;
T_2.67 ;
    %pop/vec4 1;
    %jmp T_2.63;
T_2.60 ;
    %load/vec4 v0x8d6c48780_0;
    %pad/u 7;
    %ix/vec4 4;
    %load/vec4a v0x8d6c48640, 4;
    %load/vec4 v0x104b001f0_0;
    %cmp/s;
    %flag_mov 8, 5;
    %jmp/0 T_2.68, 8;
    %pushi/vec4 1, 0, 32;
    %jmp/1 T_2.69, 8;
T_2.68 ; End of true expr.
    %pushi/vec4 0, 0, 32;
    %jmp/0 T_2.69, 8;
 ; End of false expr.
    %blend;
T_2.69;
    %assign/vec4 v0x8d6c48be0_0, 0;
    %jmp T_2.63;
T_2.61 ;
    %load/vec4 v0x8d6c48780_0;
    %pad/u 7;
    %ix/vec4 4;
    %load/vec4a v0x8d6c48640, 4;
    %load/vec4 v0x104b001f0_0;
    %cmp/u;
    %flag_mov 8, 5;
    %jmp/0 T_2.70, 8;
    %pushi/vec4 1, 0, 32;
    %jmp/1 T_2.71, 8;
T_2.70 ; End of true expr.
    %pushi/vec4 0, 0, 32;
    %jmp/0 T_2.71, 8;
 ; End of false expr.
    %blend;
T_2.71;
    %assign/vec4 v0x8d6c48be0_0, 0;
    %jmp T_2.63;
T_2.63 ;
    %pop/vec4 1;
    %jmp T_2.31;
T_2.23 ;
    %pushi/vec4 1, 0, 1;
    %assign/vec4 v0x8d6c48500_0, 0;
    %load/vec4 v0x104b08b10_0;
    %dup/vec4;
    %pushi/vec4 0, 0, 3;
    %cmp/u;
    %jmp/1 T_2.72, 6;
    %dup/vec4;
    %pushi/vec4 1, 0, 3;
    %cmp/u;
    %jmp/1 T_2.73, 6;
    %dup/vec4;
    %pushi/vec4 2, 0, 3;
    %cmp/u;
    %jmp/1 T_2.74, 6;
    %dup/vec4;
    %pushi/vec4 4, 0, 3;
    %cmp/u;
    %jmp/1 T_2.75, 6;
    %dup/vec4;
    %pushi/vec4 5, 0, 3;
    %cmp/u;
    %jmp/1 T_2.76, 6;
    %pushi/vec4 0, 0, 32;
    %assign/vec4 v0x8d6c48be0_0, 0;
    %jmp T_2.78;
T_2.72 ;
    %load/vec4 v0x8d6c48780_0;
    %pad/u 7;
    %ix/vec4 4;
    %load/vec4a v0x8d6c48640, 4;
    %load/vec4 v0x104b001f0_0;
    %add;
    %assign/vec4 v0x8d6c48aa0_0, 0;
    %load/vec4 v0x8d6c48780_0;
    %pad/u 7;
    %ix/vec4 4;
    %load/vec4a v0x8d6c48640, 4;
    %load/vec4 v0x104b001f0_0;
    %add;
    %ix/load 4, 2, 0;
    %flag_set/imm 4, 0;
    %shiftr 4;
    %pad/u 16;
    %assign/vec4 v0x8d6c48000_0, 0;
    %pushi/vec4 3, 0, 3;
    %assign/vec4 v0x8d6c48a00_0, 0;
    %jmp T_2.78;
T_2.73 ;
    %load/vec4 v0x8d6c48780_0;
    %pad/u 7;
    %ix/vec4 4;
    %load/vec4a v0x8d6c48640, 4;
    %load/vec4 v0x104b001f0_0;
    %add;
    %assign/vec4 v0x8d6c48aa0_0, 0;
    %load/vec4 v0x8d6c48780_0;
    %pad/u 7;
    %ix/vec4 4;
    %load/vec4a v0x8d6c48640, 4;
    %load/vec4 v0x104b001f0_0;
    %add;
    %ix/load 4, 2, 0;
    %flag_set/imm 4, 0;
    %shiftr 4;
    %pad/u 16;
    %assign/vec4 v0x8d6c48000_0, 0;
    %pushi/vec4 3, 0, 3;
    %assign/vec4 v0x8d6c48a00_0, 0;
    %jmp T_2.78;
T_2.74 ;
    %load/vec4 v0x8d6c48780_0;
    %pad/u 7;
    %ix/vec4 4;
    %load/vec4a v0x8d6c48640, 4;
    %load/vec4 v0x104b001f0_0;
    %add;
    %assign/vec4 v0x8d6c48aa0_0, 0;
    %load/vec4 v0x8d6c48780_0;
    %pad/u 7;
    %ix/vec4 4;
    %load/vec4a v0x8d6c48640, 4;
    %load/vec4 v0x104b001f0_0;
    %add;
    %ix/load 4, 2, 0;
    %flag_set/imm 4, 0;
    %shiftr 4;
    %pad/u 16;
    %assign/vec4 v0x8d6c48000_0, 0;
    %pushi/vec4 3, 0, 3;
    %assign/vec4 v0x8d6c48a00_0, 0;
    %jmp T_2.78;
T_2.75 ;
    %load/vec4 v0x8d6c48780_0;
    %pad/u 7;
    %ix/vec4 4;
    %load/vec4a v0x8d6c48640, 4;
    %load/vec4 v0x104b001f0_0;
    %add;
    %assign/vec4 v0x8d6c48aa0_0, 0;
    %load/vec4 v0x8d6c48780_0;
    %pad/u 7;
    %ix/vec4 4;
    %load/vec4a v0x8d6c48640, 4;
    %load/vec4 v0x104b001f0_0;
    %add;
    %ix/load 4, 2, 0;
    %flag_set/imm 4, 0;
    %shiftr 4;
    %pad/u 16;
    %assign/vec4 v0x8d6c48000_0, 0;
    %pushi/vec4 3, 0, 3;
    %assign/vec4 v0x8d6c48a00_0, 0;
    %jmp T_2.78;
T_2.76 ;
    %load/vec4 v0x8d6c48780_0;
    %pad/u 7;
    %ix/vec4 4;
    %load/vec4a v0x8d6c48640, 4;
    %load/vec4 v0x104b001f0_0;
    %add;
    %assign/vec4 v0x8d6c48aa0_0, 0;
    %load/vec4 v0x8d6c48780_0;
    %pad/u 7;
    %ix/vec4 4;
    %load/vec4a v0x8d6c48640, 4;
    %load/vec4 v0x104b001f0_0;
    %add;
    %ix/load 4, 2, 0;
    %flag_set/imm 4, 0;
    %shiftr 4;
    %pad/u 16;
    %assign/vec4 v0x8d6c48000_0, 0;
    %pushi/vec4 3, 0, 3;
    %assign/vec4 v0x8d6c48a00_0, 0;
    %jmp T_2.78;
T_2.78 ;
    %pop/vec4 1;
    %jmp T_2.31;
T_2.24 ;
    %pushi/vec4 1, 0, 1;
    %assign/vec4 v0x8d6c48500_0, 0;
    %pushi/vec4 1, 0, 1;
    %assign/vec4 v0x8d6c48280_0, 0;
    %load/vec4 v0x8d6c48780_0;
    %pad/u 7;
    %ix/vec4 4;
    %load/vec4a v0x8d6c48640, 4;
    %load/vec4 v0x104b001f0_0;
    %add;
    %assign/vec4 v0x8d6c48aa0_0, 0;
    %load/vec4 v0x8d6c48780_0;
    %pad/u 7;
    %ix/vec4 4;
    %load/vec4a v0x8d6c48640, 4;
    %load/vec4 v0x104b001f0_0;
    %add;
    %ix/load 4, 2, 0;
    %flag_set/imm 4, 0;
    %shiftr 4;
    %pad/u 16;
    %assign/vec4 v0x8d6c48000_0, 0;
    %load/vec4 v0x8d6c48820_0;
    %pad/u 7;
    %ix/vec4 4;
    %load/vec4a v0x8d6c48640, 4;
    %assign/vec4 v0x8d6c48b40_0, 0;
    %pushi/vec4 3, 0, 3;
    %assign/vec4 v0x8d6c48a00_0, 0;
    %jmp T_2.31;
T_2.25 ;
    %load/vec4 v0x104b08b10_0;
    %dup/vec4;
    %pushi/vec4 0, 0, 3;
    %cmp/u;
    %jmp/1 T_2.79, 6;
    %dup/vec4;
    %pushi/vec4 1, 0, 3;
    %cmp/u;
    %jmp/1 T_2.80, 6;
    %dup/vec4;
    %pushi/vec4 3, 0, 3;
    %cmp/u;
    %jmp/1 T_2.81, 6;
    %dup/vec4;
    %pushi/vec4 5, 0, 3;
    %cmp/u;
    %jmp/1 T_2.82, 6;
    %dup/vec4;
    %pushi/vec4 6, 0, 3;
    %cmp/u;
    %jmp/1 T_2.83, 6;
    %dup/vec4;
    %pushi/vec4 7, 0, 3;
    %cmp/u;
    %jmp/1 T_2.84, 6;
    %load/vec4 v0x8d6c483c0_0;
    %addi 4, 0, 32;
    %assign/vec4 v0x8d6c48460_0, 0;
    %jmp T_2.86;
T_2.79 ;
    %load/vec4 v0x8d6c48780_0;
    %pad/u 7;
    %ix/vec4 4;
    %load/vec4a v0x8d6c48640, 4;
    %load/vec4 v0x8d6c48820_0;
    %pad/u 7;
    %ix/vec4 4;
    %load/vec4a v0x8d6c48640, 4;
    %cmp/e;
    %jmp/0xz  T_2.87, 4;
    %load/vec4 v0x8d6c483c0_0;
    %load/vec4 v0x104b001f0_0;
    %add;
    %assign/vec4 v0x8d6c48460_0, 0;
T_2.87 ;
    %jmp T_2.86;
T_2.80 ;
    %load/vec4 v0x8d6c48780_0;
    %pad/u 7;
    %ix/vec4 4;
    %load/vec4a v0x8d6c48640, 4;
    %load/vec4 v0x8d6c48820_0;
    %pad/u 7;
    %ix/vec4 4;
    %load/vec4a v0x8d6c48640, 4;
    %cmp/ne;
    %jmp/0xz  T_2.89, 4;
    %load/vec4 v0x8d6c483c0_0;
    %load/vec4 v0x104b001f0_0;
    %add;
    %assign/vec4 v0x8d6c48460_0, 0;
T_2.89 ;
    %jmp T_2.86;
T_2.81 ;
    %load/vec4 v0x8d6c48780_0;
    %pad/u 7;
    %ix/vec4 4;
    %load/vec4a v0x8d6c48640, 4;
    %load/vec4 v0x8d6c48820_0;
    %pad/u 7;
    %ix/vec4 4;
    %load/vec4a v0x8d6c48640, 4;
    %cmp/s;
    %jmp/0xz  T_2.91, 5;
    %load/vec4 v0x8d6c483c0_0;
    %load/vec4 v0x104b001f0_0;
    %add;
    %assign/vec4 v0x8d6c48460_0, 0;
T_2.91 ;
    %jmp T_2.86;
T_2.82 ;
    %load/vec4 v0x8d6c48820_0;
    %pad/u 7;
    %ix/vec4 4;
    %load/vec4a v0x8d6c48640, 4;
    %load/vec4 v0x8d6c48780_0;
    %pad/u 7;
    %ix/vec4 4;
    %load/vec4a v0x8d6c48640, 4;
    %cmp/s;
    %flag_or 5, 4;
    %jmp/0xz  T_2.93, 5;
    %load/vec4 v0x8d6c483c0_0;
    %load/vec4 v0x104b001f0_0;
    %add;
    %assign/vec4 v0x8d6c48460_0, 0;
T_2.93 ;
    %jmp T_2.86;
T_2.83 ;
    %load/vec4 v0x8d6c48780_0;
    %pad/u 7;
    %ix/vec4 4;
    %load/vec4a v0x8d6c48640, 4;
    %load/vec4 v0x8d6c48820_0;
    %pad/u 7;
    %ix/vec4 4;
    %load/vec4a v0x8d6c48640, 4;
    %cmp/u;
    %jmp/0xz  T_2.95, 5;
    %load/vec4 v0x8d6c483c0_0;
    %load/vec4 v0x104b001f0_0;
    %add;
    %assign/vec4 v0x8d6c48460_0, 0;
T_2.95 ;
    %jmp T_2.86;
T_2.84 ;
    %load/vec4 v0x8d6c48820_0;
    %pad/u 7;
    %ix/vec4 4;
    %load/vec4a v0x8d6c48640, 4;
    %load/vec4 v0x8d6c48780_0;
    %pad/u 7;
    %ix/vec4 4;
    %load/vec4a v0x8d6c48640, 4;
    %cmp/u;
    %flag_or 5, 4;
    %jmp/0xz  T_2.97, 5;
    %load/vec4 v0x8d6c483c0_0;
    %load/vec4 v0x104b001f0_0;
    %add;
    %assign/vec4 v0x8d6c48460_0, 0;
T_2.97 ;
    %jmp T_2.86;
T_2.86 ;
    %pop/vec4 1;
    %jmp T_2.31;
T_2.26 ;
    %load/vec4 v0x8d6c483c0_0;
    %addi 4, 0, 32;
    %assign/vec4 v0x8d6c48be0_0, 0;
    %load/vec4 v0x8d6c483c0_0;
    %load/vec4 v0x104b001f0_0;
    %add;
    %assign/vec4 v0x8d6c48460_0, 0;
    %jmp T_2.31;
T_2.27 ;
    %load/vec4 v0x104b08b10_0;
    %cmpi/e 0, 0, 3;
    %jmp/0xz  T_2.99, 4;
    %load/vec4 v0x8d6c483c0_0;
    %addi 4, 0, 32;
    %assign/vec4 v0x8d6c48be0_0, 0;
    %load/vec4 v0x8d6c48780_0;
    %pad/u 7;
    %ix/vec4 4;
    %load/vec4a v0x8d6c48640, 4;
    %load/vec4 v0x104b001f0_0;
    %add;
    %assign/vec4 v0x8d6c48460_0, 0;
T_2.99 ;
    %jmp T_2.31;
T_2.28 ;
    %load/vec4 v0x104b001f0_0;
    %assign/vec4 v0x8d6c48be0_0, 0;
    %jmp T_2.31;
T_2.29 ;
    %load/vec4 v0x8d6c483c0_0;
    %load/vec4 v0x104b001f0_0;
    %add;
    %assign/vec4 v0x8d6c48be0_0, 0;
    %jmp T_2.31;
T_2.31 ;
    %pop/vec4 1;
    %pushi/vec4 3, 0, 3;
    %assign/vec4 v0x8d6c48a00_0, 0;
    %jmp T_2.10;
T_2.7 ;
    %load/vec4 v0x8d6c48320_0;
    %dup/vec4;
    %pushi/vec4 3, 0, 7;
    %cmp/u;
    %jmp/1 T_2.101, 6;
    %dup/vec4;
    %pushi/vec4 35, 0, 7;
    %cmp/u;
    %jmp/1 T_2.102, 6;
    %pushi/vec4 4, 0, 3;
    %assign/vec4 v0x8d6c48a00_0, 0;
    %jmp T_2.104;
T_2.101 ;
    %load/vec4 v0x104b08b10_0;
    %dup/vec4;
    %pushi/vec4 0, 0, 3;
    %cmp/u;
    %jmp/1 T_2.105, 6;
    %dup/vec4;
    %pushi/vec4 1, 0, 3;
    %cmp/u;
    %jmp/1 T_2.106, 6;
    %dup/vec4;
    %pushi/vec4 2, 0, 3;
    %cmp/u;
    %jmp/1 T_2.107, 6;
    %dup/vec4;
    %pushi/vec4 4, 0, 3;
    %cmp/u;
    %jmp/1 T_2.108, 6;
    %dup/vec4;
    %pushi/vec4 5, 0, 3;
    %cmp/u;
    %jmp/1 T_2.109, 6;
    %pushi/vec4 0, 0, 32;
    %assign/vec4 v0x8d6c48be0_0, 0;
    %jmp T_2.111;
T_2.105 ;
    %load/vec4 v0x8d6c48aa0_0;
    %parti/s 2, 0, 2;
    %dup/vec4;
    %pushi/vec4 0, 0, 2;
    %cmp/u;
    %jmp/1 T_2.112, 6;
    %dup/vec4;
    %pushi/vec4 1, 0, 2;
    %cmp/u;
    %jmp/1 T_2.113, 6;
    %dup/vec4;
    %pushi/vec4 2, 0, 2;
    %cmp/u;
    %jmp/1 T_2.114, 6;
    %dup/vec4;
    %pushi/vec4 3, 0, 2;
    %cmp/u;
    %jmp/1 T_2.115, 6;
    %pushi/vec4 0, 0, 32;
    %assign/vec4 v0x8d6c48be0_0, 0;
    %jmp T_2.117;
T_2.112 ;
    %load/vec4 v0x8d6c480a0_0;
    %parti/s 1, 7, 4;
    %replicate 24;
    %load/vec4 v0x8d6c480a0_0;
    %parti/s 8, 0, 2;
    %concat/vec4; draw_concat_vec4
    %assign/vec4 v0x8d6c48be0_0, 0;
    %jmp T_2.117;
T_2.113 ;
    %load/vec4 v0x8d6c480a0_0;
    %parti/s 1, 15, 5;
    %replicate 24;
    %load/vec4 v0x8d6c480a0_0;
    %parti/s 8, 8, 5;
    %concat/vec4; draw_concat_vec4
    %assign/vec4 v0x8d6c48be0_0, 0;
    %jmp T_2.117;
T_2.114 ;
    %load/vec4 v0x8d6c480a0_0;
    %parti/s 1, 23, 6;
    %replicate 24;
    %load/vec4 v0x8d6c480a0_0;
    %parti/s 8, 16, 6;
    %concat/vec4; draw_concat_vec4
    %assign/vec4 v0x8d6c48be0_0, 0;
    %jmp T_2.117;
T_2.115 ;
    %load/vec4 v0x8d6c480a0_0;
    %parti/s 1, 31, 6;
    %replicate 24;
    %load/vec4 v0x8d6c480a0_0;
    %parti/s 8, 24, 6;
    %concat/vec4; draw_concat_vec4
    %assign/vec4 v0x8d6c48be0_0, 0;
    %jmp T_2.117;
T_2.117 ;
    %pop/vec4 1;
    %jmp T_2.111;
T_2.106 ;
    %load/vec4 v0x8d6c48aa0_0;
    %parti/s 2, 0, 2;
    %dup/vec4;
    %pushi/vec4 0, 0, 2;
    %cmp/u;
    %jmp/1 T_2.118, 6;
    %dup/vec4;
    %pushi/vec4 2, 0, 2;
    %cmp/u;
    %jmp/1 T_2.119, 6;
    %pushi/vec4 0, 0, 32;
    %assign/vec4 v0x8d6c48be0_0, 0;
    %jmp T_2.121;
T_2.118 ;
    %load/vec4 v0x8d6c480a0_0;
    %parti/s 1, 15, 5;
    %replicate 16;
    %load/vec4 v0x8d6c480a0_0;
    %parti/s 16, 0, 2;
    %concat/vec4; draw_concat_vec4
    %assign/vec4 v0x8d6c48be0_0, 0;
    %jmp T_2.121;
T_2.119 ;
    %load/vec4 v0x8d6c480a0_0;
    %parti/s 1, 31, 6;
    %replicate 16;
    %load/vec4 v0x8d6c480a0_0;
    %parti/s 16, 16, 6;
    %concat/vec4; draw_concat_vec4
    %assign/vec4 v0x8d6c48be0_0, 0;
    %jmp T_2.121;
T_2.121 ;
    %pop/vec4 1;
    %jmp T_2.111;
T_2.107 ;
    %load/vec4 v0x8d6c480a0_0;
    %assign/vec4 v0x8d6c48be0_0, 0;
    %jmp T_2.111;
T_2.108 ;
    %load/vec4 v0x8d6c48aa0_0;
    %parti/s 2, 0, 2;
    %dup/vec4;
    %pushi/vec4 0, 0, 2;
    %cmp/u;
    %jmp/1 T_2.122, 6;
    %dup/vec4;
    %pushi/vec4 1, 0, 2;
    %cmp/u;
    %jmp/1 T_2.123, 6;
    %dup/vec4;
    %pushi/vec4 2, 0, 2;
    %cmp/u;
    %jmp/1 T_2.124, 6;
    %dup/vec4;
    %pushi/vec4 3, 0, 2;
    %cmp/u;
    %jmp/1 T_2.125, 6;
    %pushi/vec4 0, 0, 32;
    %assign/vec4 v0x8d6c48be0_0, 0;
    %jmp T_2.127;
T_2.122 ;
    %pushi/vec4 0, 0, 24;
    %load/vec4 v0x8d6c480a0_0;
    %parti/s 8, 0, 2;
    %concat/vec4; draw_concat_vec4
    %assign/vec4 v0x8d6c48be0_0, 0;
    %jmp T_2.127;
T_2.123 ;
    %pushi/vec4 0, 0, 24;
    %load/vec4 v0x8d6c480a0_0;
    %parti/s 8, 8, 5;
    %concat/vec4; draw_concat_vec4
    %assign/vec4 v0x8d6c48be0_0, 0;
    %jmp T_2.127;
T_2.124 ;
    %pushi/vec4 0, 0, 24;
    %load/vec4 v0x8d6c480a0_0;
    %parti/s 8, 16, 6;
    %concat/vec4; draw_concat_vec4
    %assign/vec4 v0x8d6c48be0_0, 0;
    %jmp T_2.127;
T_2.125 ;
    %pushi/vec4 0, 0, 24;
    %load/vec4 v0x8d6c480a0_0;
    %parti/s 8, 24, 6;
    %concat/vec4; draw_concat_vec4
    %assign/vec4 v0x8d6c48be0_0, 0;
    %jmp T_2.127;
T_2.127 ;
    %pop/vec4 1;
    %jmp T_2.111;
T_2.109 ;
    %load/vec4 v0x8d6c48aa0_0;
    %parti/s 2, 0, 2;
    %dup/vec4;
    %pushi/vec4 0, 0, 2;
    %cmp/u;
    %jmp/1 T_2.128, 6;
    %dup/vec4;
    %pushi/vec4 2, 0, 2;
    %cmp/u;
    %jmp/1 T_2.129, 6;
    %pushi/vec4 0, 0, 32;
    %assign/vec4 v0x8d6c48be0_0, 0;
    %jmp T_2.131;
T_2.128 ;
    %pushi/vec4 0, 0, 16;
    %load/vec4 v0x8d6c480a0_0;
    %parti/s 16, 0, 2;
    %concat/vec4; draw_concat_vec4
    %assign/vec4 v0x8d6c48be0_0, 0;
    %jmp T_2.131;
T_2.129 ;
    %pushi/vec4 0, 0, 16;
    %load/vec4 v0x8d6c480a0_0;
    %parti/s 16, 16, 6;
    %concat/vec4; draw_concat_vec4
    %assign/vec4 v0x8d6c48be0_0, 0;
    %jmp T_2.131;
T_2.131 ;
    %pop/vec4 1;
    %jmp T_2.111;
T_2.111 ;
    %pop/vec4 1;
    %jmp T_2.104;
T_2.102 ;
    %pushi/vec4 0, 0, 32;
    %assign/vec4 v0x8d6c481e0_0, 0;
    %pushi/vec4 1, 0, 1;
    %assign/vec4 v0x8d6c48280_0, 0;
    %load/vec4 v0x104b08b10_0;
    %dup/vec4;
    %pushi/vec4 0, 0, 3;
    %cmp/u;
    %jmp/1 T_2.132, 6;
    %dup/vec4;
    %pushi/vec4 1, 0, 3;
    %cmp/u;
    %jmp/1 T_2.133, 6;
    %dup/vec4;
    %pushi/vec4 2, 0, 3;
    %cmp/u;
    %jmp/1 T_2.134, 6;
    %pushi/vec4 0, 0, 32;
    %assign/vec4 v0x8d6c481e0_0, 0;
    %jmp T_2.136;
T_2.132 ;
    %load/vec4 v0x8d6c48aa0_0;
    %parti/s 2, 0, 2;
    %dup/vec4;
    %pushi/vec4 0, 0, 2;
    %cmp/u;
    %jmp/1 T_2.137, 6;
    %dup/vec4;
    %pushi/vec4 1, 0, 2;
    %cmp/u;
    %jmp/1 T_2.138, 6;
    %dup/vec4;
    %pushi/vec4 2, 0, 2;
    %cmp/u;
    %jmp/1 T_2.139, 6;
    %dup/vec4;
    %pushi/vec4 3, 0, 2;
    %cmp/u;
    %jmp/1 T_2.140, 6;
    %pushi/vec4 0, 0, 32;
    %assign/vec4 v0x8d6c481e0_0, 0;
    %jmp T_2.142;
T_2.137 ;
    %load/vec4 v0x8d6c48b40_0;
    %parti/s 8, 0, 2;
    %ix/load 4, 0, 0;
    %ix/load 5, 0, 0;
    %flag_set/imm 4, 0;
    %assign/vec4/off/d v0x8d6c481e0_0, 4, 5;
    %jmp T_2.142;
T_2.138 ;
    %load/vec4 v0x8d6c48b40_0;
    %parti/s 8, 0, 2;
    %ix/load 4, 8, 0;
    %ix/load 5, 0, 0;
    %flag_set/imm 4, 0;
    %assign/vec4/off/d v0x8d6c481e0_0, 4, 5;
    %jmp T_2.142;
T_2.139 ;
    %load/vec4 v0x8d6c48b40_0;
    %parti/s 8, 0, 2;
    %ix/load 4, 16, 0;
    %ix/load 5, 0, 0;
    %flag_set/imm 4, 0;
    %assign/vec4/off/d v0x8d6c481e0_0, 4, 5;
    %jmp T_2.142;
T_2.140 ;
    %load/vec4 v0x8d6c48b40_0;
    %parti/s 8, 0, 2;
    %ix/load 4, 24, 0;
    %ix/load 5, 0, 0;
    %flag_set/imm 4, 0;
    %assign/vec4/off/d v0x8d6c481e0_0, 4, 5;
    %jmp T_2.142;
T_2.142 ;
    %pop/vec4 1;
    %jmp T_2.136;
T_2.133 ;
    %load/vec4 v0x8d6c48aa0_0;
    %parti/s 2, 0, 2;
    %dup/vec4;
    %pushi/vec4 0, 0, 2;
    %cmp/u;
    %jmp/1 T_2.143, 6;
    %dup/vec4;
    %pushi/vec4 2, 0, 2;
    %cmp/u;
    %jmp/1 T_2.144, 6;
    %pushi/vec4 0, 0, 32;
    %assign/vec4 v0x8d6c481e0_0, 0;
    %jmp T_2.146;
T_2.143 ;
    %load/vec4 v0x8d6c48b40_0;
    %parti/s 16, 0, 2;
    %ix/load 4, 0, 0;
    %ix/load 5, 0, 0;
    %flag_set/imm 4, 0;
    %assign/vec4/off/d v0x8d6c481e0_0, 4, 5;
    %jmp T_2.146;
T_2.144 ;
    %load/vec4 v0x8d6c48b40_0;
    %parti/s 16, 0, 2;
    %ix/load 4, 16, 0;
    %ix/load 5, 0, 0;
    %flag_set/imm 4, 0;
    %assign/vec4/off/d v0x8d6c481e0_0, 4, 5;
    %jmp T_2.146;
T_2.146 ;
    %pop/vec4 1;
    %jmp T_2.136;
T_2.134 ;
    %load/vec4 v0x8d6c48aa0_0;
    %parti/s 2, 0, 2;
    %dup/vec4;
    %pushi/vec4 0, 0, 2;
    %cmp/u;
    %jmp/1 T_2.147, 6;
    %pushi/vec4 0, 0, 32;
    %assign/vec4 v0x8d6c481e0_0, 0;
    %jmp T_2.149;
T_2.147 ;
    %load/vec4 v0x8d6c48b40_0;
    %assign/vec4 v0x8d6c481e0_0, 0;
    %jmp T_2.149;
T_2.149 ;
    %pop/vec4 1;
    %jmp T_2.136;
T_2.136 ;
    %pop/vec4 1;
    %jmp T_2.104;
T_2.104 ;
    %pop/vec4 1;
    %pushi/vec4 4, 0, 3;
    %assign/vec4 v0x8d6c48a00_0, 0;
    %jmp T_2.10;
T_2.8 ;
    %pushi/vec4 0, 0, 1;
    %assign/vec4 v0x8d6c48500_0, 0;
    %pushi/vec4 0, 0, 1;
    %assign/vec4 v0x8d6c48280_0, 0;
    %load/vec4 v0x8d6c48460_0;
    %assign/vec4 v0x8d6c483c0_0, 0;
    %load/vec4 v0x8d6c485a0_0;
    %pad/u 32;
    %cmpi/ne 0, 0, 32;
    %jmp/0xz  T_2.150, 4;
    %load/vec4 v0x8d6c48be0_0;
    %load/vec4 v0x8d6c485a0_0;
    %pad/u 7;
    %ix/vec4 3;
    %ix/load 4, 0, 0; Constant delay
    %assign/vec4/a/d v0x8d6c48640, 0, 4;
T_2.150 ;
    %pushi/vec4 0, 0, 3;
    %assign/vec4 v0x8d6c48a00_0, 0;
    %jmp T_2.10;
T_2.10 ;
    %pop/vec4 1;
T_2.1 ;
    %jmp T_2;
    .thread T_2;
# The file index is used to find the file name in the following table.
:file_names 3;
    "N/A";
    "<interactive>";
    "./cpu.v";
