Reading netlist file: "/Users/theilmann/Jahresarbeit/Prozessor/impl/gwsynthesis/Prozessor.vg"
Parsing netlist file "/Users/theilmann/Jahresarbeit/Prozessor/impl/gwsynthesis/Prozessor.vg" completed
Processing netlist completed
Running placement......
[10%] Placement Phase 0 completed
[20%] Placement Phase 1 completed
[30%] Placement Phase 2 completed
WARN  (TA1132) :  'clk' was determined to be a clock but was not created.
[50%] Placement Phase 3 completed
Running routing......
[60%] Routing Phase 0 completed
[70%] Routing Phase 1 completed
[80%] Routing Phase 2 completed
[90%] Routing Phase 3 completed
Running timing analysis......
[95%] Timing analysis completed
Placement and routing completed
Bitstream generation in progress......
Bitstream generation completed
Running power analysis......
[100%] Power analysis completed
Generate file "/Users/theilmann/Jahresarbeit/Prozessor/impl/pnr/Prozessor.power.html" completed
Generate file "/Users/theilmann/Jahresarbeit/Prozessor/impl/pnr/Prozessor.pin.html" completed
Generate file "/Users/theilmann/Jahresarbeit/Prozessor/impl/pnr/Prozessor.rpt.html" completed
Generate file "/Users/theilmann/Jahresarbeit/Prozessor/impl/pnr/Prozessor.rpt.txt" completed
Generate file "/Users/theilmann/Jahresarbeit/Prozessor/impl/pnr/Prozessor.tr.html" completed
Mon Dec 22 17:03:09 2025

