Reading netlist file: "/Users/theilmann/Jahresarbeit/Praktischer Teil/Verilog/PMOD_Display/impl/gwsynthesis/PMOD_Display.vg"
Parsing netlist file "/Users/theilmann/Jahresarbeit/Praktischer Teil/Verilog/PMOD_Display/impl/gwsynthesis/PMOD_Display.vg" completed
Processing netlist completed
Reading constraint file: "/Users/theilmann/Jahresarbeit/Praktischer Teil/Verilog/PMOD_Display/src/PMOD_Display.cst"
Physical Constraint parsed completed
Running placement......
[10%] Placement Phase 0 completed
[20%] Placement Phase 1 completed
[30%] Placement Phase 2 completed
WARN  (TA1132) :  'clk' was determined to be a clock but was not created.
[50%] Placement Phase 3 completed
Running routing......
[60%] Routing Phase 0 completed
[70%] Routing Phase 1 completed
[80%] Routing Phase 2 completed
[90%] Routing Phase 3 completed
Running timing analysis......
[95%] Timing analysis completed
Placement and routing completed
Bitstream generation in progress......
Bitstream generation completed
Running power analysis......
[100%] Power analysis completed
Generate file "/Users/theilmann/Jahresarbeit/Praktischer Teil/Verilog/PMOD_Display/impl/pnr/PMOD_Display.power.html" completed
Generate file "/Users/theilmann/Jahresarbeit/Praktischer Teil/Verilog/PMOD_Display/impl/pnr/PMOD_Display.pin.html" completed
Generate file "/Users/theilmann/Jahresarbeit/Praktischer Teil/Verilog/PMOD_Display/impl/pnr/PMOD_Display.rpt.html" completed
Generate file "/Users/theilmann/Jahresarbeit/Praktischer Teil/Verilog/PMOD_Display/impl/pnr/PMOD_Display.rpt.txt" completed
Generate file "/Users/theilmann/Jahresarbeit/Praktischer Teil/Verilog/PMOD_Display/impl/pnr/PMOD_Display.tr.html" completed
Sun Jan 11 15:14:43 2026

